# JRE version: Java(TM) SE Runtime Environment (8.0_77-b03) (build 1.8.0_77-b03)
# Java VM: Java HotSpot(TM) 64-Bit Server VM (25.77-b03 mixed mode bsd-amd64 compressed oops)
Heap:
 PSYoungGen      total 424960K, used 424930K [0x0000000795580000, 0x00000007b7300000, 0x00000007c0000000)
  eden space 346624K, 100% used [0x0000000795580000,0x00000007aa800000,0x00000007aa800000)
  from space 78336K, 99% used [0x00000007b0380000,0x00000007b4ff8828,0x00000007b5000000)
  to   space 93696K, 50% used [0x00000007aa800000,0x00000007ad66e0f8,0x00000007b0380000)
 ParOldGen       total 406016K, used 405743K [0x0000000740000000, 0x0000000758c80000, 0x0000000795580000)
  object space 406016K, 99% used [0x0000000740000000,0x0000000758c3be40,0x0000000758c80000)
 Metaspace       used 21417K, capacity 21744K, committed 22064K, reserved 1069056K
  class space    used 2462K, capacity 2561K, committed 2688K, reserved 1048576K
GC Heap History (10 events):
Event: 40.900 GC heap after
Heap after GC invocations=25 (full 6):
 PSYoungGen      total 344576K, used 39274K [0x0000000795580000, 0x00000007b1080000, 0x00000007c0000000)
  eden space 284672K, 0% used [0x0000000795580000,0x0000000795580000,0x00000007a6b80000)
  from space 59904K, 65% used [0x00000007a6b80000,0x00000007a91daa20,0x00000007aa600000)
  to   space 61952K, 0% used [0x00000007ad400000,0x00000007ad400000,0x00000007b1080000)
 ParOldGen       total 293888K, used 241107K [0x0000000740000000, 0x0000000751f00000, 0x0000000795580000)
  object space 293888K, 82% used [0x0000000740000000,0x000000074eb74e30,0x0000000751f00000)
 Metaspace       used 21417K, capacity 21744K, committed 22064K, reserved 1069056K
  class space    used 2462K, capacity 2561K, committed 2688K, reserved 1048576K
}
Event: 41.150 GC heap before
{Heap before GC invocations=26 (full 6):
 PSYoungGen      total 344576K, used 323946K [0x0000000795580000, 0x00000007b1080000, 0x00000007c0000000)
  eden space 284672K, 100% used [0x0000000795580000,0x00000007a6b80000,0x00000007a6b80000)
  from space 59904K, 65% used [0x00000007a6b80000,0x00000007a91daa20,0x00000007aa600000)
  to   space 61952K, 0% used [0x00000007ad400000,0x00000007ad400000,0x00000007b1080000)
 ParOldGen       total 293888K, used 241107K [0x0000000740000000, 0x0000000751f00000, 0x0000000795580000)
  object space 293888K, 82% used [0x0000000740000000,0x000000074eb74e30,0x0000000751f00000)
 Metaspace       used 21417K, capacity 21744K, committed 22064K, reserved 1069056K
  class space    used 2462K, capacity 2561K, committed 2688K, reserved 1048576K
Event: 41.283 GC heap after
Heap after GC invocations=26 (full 6):
 PSYoungGen      total 375296K, used 61947K [0x0000000795580000, 0x00000007b3480000, 0x00000007c0000000)
  eden space 313344K, 0% used [0x0000000795580000,0x0000000795580000,0x00000007a8780000)
  from space 61952K, 99% used [0x00000007ad400000,0x00000007b107efc8,0x00000007b1080000)
  to   space 78336K, 0% used [0x00000007a8780000,0x00000007a8780000,0x00000007ad400000)
 ParOldGen       total 293888K, used 257645K [0x0000000740000000, 0x0000000751f00000, 0x0000000795580000)
  object space 293888K, 87% used [0x0000000740000000,0x000000074fb9b728,0x0000000751f00000)
 Metaspace       used 21417K, capacity 21744K, committed 22064K, reserved 1069056K
  class space    used 2462K, capacity 2561K, committed 2688K, reserved 1048576K
}
Event: 41.283 GC heap before
{Heap before GC invocations=27 (full 7):
 PSYoungGen      total 375296K, used 61947K [0x0000000795580000, 0x00000007b3480000, 0x00000007c0000000)
  eden space 313344K, 0% used [0x0000000795580000,0x0000000795580000,0x00000007a8780000)
  from space 61952K, 99% used [0x00000007ad400000,0x00000007b107efc8,0x00000007b1080000)
  to   space 78336K, 0% used [0x00000007a8780000,0x00000007a8780000,0x00000007ad400000)
 ParOldGen       total 293888K, used 257645K [0x0000000740000000, 0x0000000751f00000, 0x0000000795580000)
  object space 293888K, 87% used [0x0000000740000000,0x000000074fb9b728,0x0000000751f00000)
 Metaspace       used 21417K, capacity 21744K, committed 22064K, reserved 1069056K
  class space    used 2462K, capacity 2561K, committed 2688K, reserved 1048576K
Event: 41.817 GC heap after
Heap after GC invocations=27 (full 7):
 PSYoungGen      total 375296K, used 25491K [0x0000000795580000, 0x00000007b3480000, 0x00000007c0000000)
  eden space 313344K, 0% used [0x0000000795580000,0x0000000795580000,0x00000007a8780000)
  from space 61952K, 41% used [0x00000007ad400000,0x00000007aece4de0,0x00000007b1080000)
  to   space 78336K, 0% used [0x00000007a8780000,0x00000007a8780000,0x00000007ad400000)
 ParOldGen       total 386560K, used 293525K [0x0000000740000000, 0x0000000757980000, 0x0000000795580000)
  object space 386560K, 75% used [0x0000000740000000,0x0000000751ea5778,0x0000000757980000)
 Metaspace       used 21417K, capacity 21744K, committed 22064K, reserved 1069056K
  class space    used 2462K, capacity 2561K, committed 2688K, reserved 1048576K
}
Event: 42.081 GC heap before
{Heap before GC invocations=28 (full 7):
 PSYoungGen      total 375296K, used 338835K [0x0000000795580000, 0x00000007b3480000, 0x00000007c0000000)
  eden space 313344K, 100% used [0x0000000795580000,0x00000007a8780000,0x00000007a8780000)
  from space 61952K, 41% used [0x00000007ad400000,0x00000007aece4de0,0x00000007b1080000)
  to   space 78336K, 0% used [0x00000007a8780000,0x00000007a8780000,0x00000007ad400000)
 ParOldGen       total 386560K, used 293525K [0x0000000740000000, 0x0000000757980000, 0x0000000795580000)
  object space 386560K, 75% used [0x0000000740000000,0x0000000751ea5778,0x0000000757980000)
 Metaspace       used 21417K, capacity 21744K, committed 22064K, reserved 1069056K
  class space    used 2462K, capacity 2561K, committed 2688K, reserved 1048576K
Event: 42.220 GC heap after
Heap after GC invocations=28 (full 7):
 PSYoungGen      total 391680K, used 43190K [0x0000000795580000, 0x00000007b5000000, 0x00000007c0000000)
  eden space 313344K, 0% used [0x0000000795580000,0x0000000795580000,0x00000007a8780000)
  from space 78336K, 55% used [0x00000007a8780000,0x00000007ab1ada30,0x00000007ad400000)
  to   space 78336K, 0% used [0x00000007b0380000,0x00000007b0380000,0x00000007b5000000)
 ParOldGen       total 386560K, used 319206K [0x0000000740000000, 0x0000000757980000, 0x0000000795580000)
  object space 386560K, 82% used [0x0000000740000000,0x00000007537b9b20,0x0000000757980000)
 Metaspace       used 21417K, capacity 21744K, committed 22064K, reserved 1069056K
  class space    used 2462K, capacity 2561K, committed 2688K, reserved 1048576K
}
Event: 42.471 GC heap before
{Heap before GC invocations=29 (full 7):
 PSYoungGen      total 391680K, used 356534K [0x0000000795580000, 0x00000007b5000000, 0x00000007c0000000)
  eden space 313344K, 100% used [0x0000000795580000,0x00000007a8780000,0x00000007a8780000)
  from space 78336K, 55% used [0x00000007a8780000,0x00000007ab1ada30,0x00000007ad400000)
  to   space 78336K, 0% used [0x00000007b0380000,0x00000007b0380000,0x00000007b5000000)
 ParOldGen       total 386560K, used 319206K [0x0000000740000000, 0x0000000757980000, 0x0000000795580000)
  object space 386560K, 82% used [0x0000000740000000,0x00000007537b9b20,0x0000000757980000)
 Metaspace       used 21417K, capacity 21744K, committed 22064K, reserved 1069056K
  class space    used 2462K, capacity 2561K, committed 2688K, reserved 1048576K
Event: 42.620 GC heap after
Heap after GC invocations=29 (full 7):
 PSYoungGen      total 424960K, used 78306K [0x0000000795580000, 0x00000007b7300000, 0x00000007c0000000)
  eden space 346624K, 0% used [0x0000000795580000,0x0000000795580000,0x00000007aa800000)
  from space 78336K, 99% used [0x00000007b0380000,0x00000007b4ff8828,0x00000007b5000000)
  to   space 93696K, 0% used [0x00000007aa800000,0x00000007aa800000,0x00000007b0380000)
 ParOldGen       total 386560K, used 327229K [0x0000000740000000, 0x0000000757980000, 0x0000000795580000)
  object space 386560K, 84% used [0x0000000740000000,0x0000000753f8f4f8,0x0000000757980000)
 Metaspace       used 21417K, capacity 21744K, committed 22064K, reserved 1069056K
  class space    used 2462K, capacity 2561K, committed 2688K, reserved 1048576K
}
Event: 42.928 GC heap before
{Heap before GC invocations=30 (full 7):
 PSYoungGen      total 424960K, used 424930K [0x0000000795580000, 0x00000007b7300000, 0x00000007c0000000)
  eden space 346624K, 100% used [0x0000000795580000,0x00000007aa800000,0x00000007aa800000)
  from space 78336K, 99% used [0x00000007b0380000,0x00000007b4ff8828,0x00000007b5000000)
  to   space 93696K, 0% used [0x00000007aa800000,0x00000007aa800000,0x00000007b0380000)
 ParOldGen       total 386560K, used 327229K [0x0000000740000000, 0x0000000757980000, 0x0000000795580000)
  object space 386560K, 84% used [0x0000000740000000,0x0000000753f8f4f8,0x0000000757980000)
 Metaspace       used 21417K, capacity 21744K, committed 22064K, reserved 1069056K
  class space    used 2462K, capacity 2561K, committed 2688K, reserved 1048576K

